C:\Program Files (x86)\MSBuild\Microsoft.Cpp\v4.0\V120\Microsoft.CppBuild.targets(388,5): warning MSB8028: The intermediate directory (Debug\) contains files shared from another project (ComGLab.vcxproj, Main Framework.vcxproj).  This can lead to incorrect clean and rebuild behavior.
  Utility.cpp
  shader.cpp
  MeshBuilder.cpp
c:\users\user\documents\sp2_team_14\comglab\source\meshbuilder.cpp(274): warning C4244: '+=' : conversion from 'float' to 'int', possible loss of data
c:\users\user\documents\sp2_team_14\comglab\source\meshbuilder.cpp(276): warning C4244: 'argument' : conversion from 'int' to 'float', possible loss of data
c:\users\user\documents\sp2_team_14\comglab\source\meshbuilder.cpp(285): warning C4244: '+=' : conversion from 'float' to 'int', possible loss of data
c:\users\user\documents\sp2_team_14\comglab\source\meshbuilder.cpp(287): warning C4305: 'argument' : truncation from 'double' to 'float'
c:\users\user\documents\sp2_team_14\comglab\source\meshbuilder.cpp(292): warning C4244: 'argument' : conversion from 'int' to 'float', possible loss of data
c:\users\user\documents\sp2_team_14\comglab\source\meshbuilder.cpp(292): warning C4305: 'argument' : truncation from 'double' to 'float'
c:\users\user\documents\sp2_team_14\comglab\source\meshbuilder.cpp(340): warning C4305: 'argument' : truncation from 'double' to 'float'
c:\users\user\documents\sp2_team_14\comglab\source\meshbuilder.cpp(345): warning C4305: 'argument' : truncation from 'double' to 'float'
c:\users\user\documents\sp2_team_14\comglab\source\meshbuilder.cpp(443): warning C4018: '<' : signed/unsigned mismatch
c:\users\user\documents\sp2_team_14\comglab\source\meshbuilder.cpp(446): warning C4018: '<' : signed/unsigned mismatch
c:\users\user\documents\sp2_team_14\comglab\source\meshbuilder.cpp(457): warning C4018: '<' : signed/unsigned mismatch
c:\users\user\documents\sp2_team_14\comglab\source\meshbuilder.cpp(459): warning C4018: '<' : signed/unsigned mismatch
c:\users\user\documents\sp2_team_14\comglab\source\meshbuilder.cpp(578): warning C4244: 'initializing' : conversion from 'float' to 'int', possible loss of data
c:\users\user\documents\sp2_team_14\comglab\source\meshbuilder.cpp(584): warning C4018: '<' : signed/unsigned mismatch
c:\users\user\documents\sp2_team_14\comglab\source\meshbuilder.cpp(600): warning C4018: '<' : signed/unsigned mismatch
c:\users\user\documents\sp2_team_14\comglab\source\meshbuilder.cpp(630): warning C4244: 'initializing' : conversion from 'float' to 'int', possible loss of data
c:\users\user\documents\sp2_team_14\comglab\source\meshbuilder.cpp(648): warning C4244: 'argument' : conversion from 'int' to 'float', possible loss of data
c:\users\user\documents\sp2_team_14\comglab\source\meshbuilder.cpp(664): warning C4244: 'argument' : conversion from 'int' to 'float', possible loss of data
c:\users\user\documents\sp2_team_14\comglab\source\meshbuilder.cpp(702): warning C4244: '+=' : conversion from 'float' to 'int', possible loss of data
c:\users\user\documents\sp2_team_14\comglab\source\meshbuilder.cpp(704): warning C4244: 'argument' : conversion from 'int' to 'float', possible loss of data
c:\users\user\documents\sp2_team_14\comglab\source\meshbuilder.cpp(715): warning C4244: '+=' : conversion from 'float' to 'int', possible loss of data
c:\users\user\documents\sp2_team_14\comglab\source\meshbuilder.cpp(722): warning C4244: 'argument' : conversion from 'int' to 'float', possible loss of data
  Mesh.cpp
  main.cpp
  Material.cpp
  LoadTGA.cpp
  LoadOBJ.cpp
  Light.cpp
  Camera3.cpp
c:\users\user\documents\sp2_team_14\comglab\source\camera3.h(34): warning C4244: 'initializing' : conversion from 'int' to 'float', possible loss of data
c:\users\user\documents\sp2_team_14\comglab\source\camera3.cpp(108): warning C4101: 'offsetZ' : unreferenced local variable
c:\users\user\documents\sp2_team_14\comglab\source\camera3.cpp(108): warning C4101: 'offsetX' : unreferenced local variable
c:\users\user\documents\sp2_team_14\comglab\source\camera3.cpp(206): warning C4305: 'argument' : truncation from 'double' to 'float'
c:\users\user\documents\sp2_team_14\comglab\source\camera3.cpp(212): warning C4305: 'argument' : truncation from 'double' to 'float'
c:\users\user\documents\sp2_team_14\comglab\source\camera3.cpp(213): warning C4305: 'argument' : truncation from 'double' to 'float'
c:\users\user\documents\sp2_team_14\comglab\source\camera3.cpp(214): warning C4305: 'argument' : truncation from 'double' to 'float'
c:\users\user\documents\sp2_team_14\comglab\source\camera3.cpp(219): warning C4305: 'argument' : truncation from 'double' to 'float'
c:\users\user\documents\sp2_team_14\comglab\source\camera3.cpp(220): warning C4305: 'argument' : truncation from 'double' to 'float'
c:\users\user\documents\sp2_team_14\comglab\source\camera3.cpp(221): warning C4305: 'argument' : truncation from 'double' to 'float'
c:\users\user\documents\sp2_team_14\comglab\source\camera3.cpp(222): warning C4305: 'argument' : truncation from 'double' to 'float'
c:\users\user\documents\sp2_team_14\comglab\source\camera3.cpp(224): warning C4305: 'argument' : truncation from 'double' to 'float'
  Camera2.cpp
  Camera.cpp
  Boundary.cpp
  SoundSystem.cpp
  SP2_Scene.cpp
c:\users\user\documents\sp2_team_14\comglab\source\camera3.h(34): warning C4244: 'initializing' : conversion from 'int' to 'float', possible loss of data
c:\users\user\documents\sp2_team_14\comglab\source\sp2_scene.cpp(373): warning C4305: 'argument' : truncation from 'double' to 'float'
c:\users\user\documents\sp2_team_14\comglab\source\sp2_scene.cpp(558): warning C4244: '=' : conversion from 'double' to 'float', possible loss of data
c:\users\user\documents\sp2_team_14\comglab\source\sp2_scene.cpp(726): warning C4305: 'argument' : truncation from 'double' to 'float'
  Particle.cpp
c:\users\user\documents\sp2_team_14\comglab\source\camera3.h(34): warning C4244: 'initializing' : conversion from 'int' to 'float', possible loss of data
c:\users\user\documents\sp2_team_14\comglab\source\particle.cpp(235): warning C4305: 'argument' : truncation from 'double' to 'float'
c:\users\user\documents\sp2_team_14\comglab\source\particle.cpp(283): warning C4244: '=' : conversion from 'double' to 'float', possible loss of data
  Application.cpp
c:\users\user\documents\sp2_team_14\comglab\source\camera3.h(34): warning C4244: 'initializing' : conversion from 'int' to 'float', possible loss of data
  Generating Code...
LINK : fatal error LNK1104: cannot open file 'Common.lib'
