c:\users\user\documents\sp2_team14\comglab\debug\vc120.pdb
c:\users\user\documents\sp2_team14\comglab\debug\vc120.idb
c:\users\user\documents\sp2_team14\comglab\debug\application.obj
c:\users\user\documents\sp2_team14\comglab\debug\particle.obj
c:\users\user\documents\sp2_team14\comglab\debug\soundsystem.obj
c:\users\user\documents\sp2_team14\comglab\debug\boundary.obj
c:\users\user\documents\sp2_team14\comglab\debug\camera.obj
c:\users\user\documents\sp2_team14\comglab\debug\camera2.obj
c:\users\user\documents\sp2_team14\comglab\debug\camera3.obj
c:\users\user\documents\sp2_team14\comglab\debug\light.obj
c:\users\user\documents\sp2_team14\comglab\debug\loadobj.obj
c:\users\user\documents\sp2_team14\comglab\debug\loadtga.obj
c:\users\user\documents\sp2_team14\comglab\debug\material.obj
c:\users\user\documents\sp2_team14\comglab\debug\main.obj
c:\users\user\documents\sp2_team14\comglab\debug\mesh.obj
c:\users\user\documents\sp2_team14\comglab\debug\meshbuilder.obj
c:\users\user\documents\sp2_team14\comglab\debug\shader.obj
c:\users\user\documents\sp2_team14\comglab\debug\sp2_scene.obj
c:\users\user\documents\sp2_team14\comglab\debug\utility.obj
c:\users\user\documents\sp2_team14\debug\mains.ilk
c:\users\user\documents\sp2_team14\debug\mains.exe
c:\users\user\documents\sp2_team14\debug\mains.pdb
c:\users\user\documents\sp2_team14\comglab\debug\mains.tlog\cl.command.1.tlog
c:\users\user\documents\sp2_team14\comglab\debug\mains.tlog\cl.read.1.tlog
c:\users\user\documents\sp2_team14\comglab\debug\mains.tlog\cl.write.1.tlog
c:\users\user\documents\sp2_team14\comglab\debug\mains.tlog\link.command.1.tlog
c:\users\user\documents\sp2_team14\comglab\debug\mains.tlog\link.read.1.tlog
c:\users\user\documents\sp2_team14\comglab\debug\mains.tlog\link.write.1.tlog
